1 134796800
10 0
11 0
1115 106496
1117 2191360
12 0
13 0
140 0
1409 110592
141 0
1414 0
142 0
1420 17257472
143 0
144 0
146 0
15 0
16 0
17 0
18 0
19 0
2 0
20 0
21 0
22 0
23 0
24 0
25 0
26 0
27 0
28 0
29 0
3 0
30 0
31347 0
31359 0
31381 4096
31413 0
31914 0
31916 0
33481 0
33499 0
33500 
33501 
33502 
4 0
436 0
440 0
441 0
442 0
443 0
446 0
447 0
453 0
47 0
511 0
519 0
555 0
556 0
6 0
647 163840
673 18993152
728 0
731 0
732 0
754 0
755 0
766 0
767 0
768 0
769 0
770 0
771 0
772 0
773 0
774 0
796 892928
798 98304
8 0
810 0
812 0
813 0
826 6574080
827 1990656
829 4497408
830 2412544
831 569344
835 409600
836 176128
838 10780672
839 397312
848 0
850 2478080
858 720896
864 8028160
865 327680
867 258048
873 4583424
886 1196032
887 3248128
9 0
