ProcessID=10 : Parent_ProcessID=2 : Averange_Running_Time=.00109474
Average_Sleeping_Children_of_ParentID=2 is .00109474
ProcessID=1115 : Parent_ProcessID=1 : Averange_Running_Time=.321684
ProcessID=1116 : Parent_ProcessID=1 : Averange_Running_Time=1.09741
ProcessID=1117 : Parent_ProcessID=1 : Averange_Running_Time=.319902
Average_Sleeping_Children_of_ParentID=1 is .579663
ProcessID=11 : Parent_ProcessID=2 : Averange_Running_Time=0
ProcessID=12 : Parent_ProcessID=2 : Averange_Running_Time=.000302307
ProcessID=13714 : Parent_ProcessID=2 : Averange_Running_Time=.067291
ProcessID=13 : Parent_ProcessID=2 : Averange_Running_Time=.00253664
Average_Sleeping_Children_of_ParentID=2 is .0175325
ProcessID=1409 : Parent_ProcessID=1 : Averange_Running_Time=1.16236
Average_Sleeping_Children_of_ParentID=1 is 1.16236
ProcessID=140 : Parent_ProcessID=2 : Averange_Running_Time=.000796
Average_Sleeping_Children_of_ParentID=2 is .000796
ProcessID=1414 : Parent_ProcessID=1409 : Averange_Running_Time=.0596027
Average_Sleeping_Children_of_ParentID=1409 is .0596027
ProcessID=141 : Parent_ProcessID=2 : Averange_Running_Time=.0002875
Average_Sleeping_Children_of_ParentID=2 is .0002875
ProcessID=1420 : Parent_ProcessID=1117 : Averange_Running_Time=.265256
Average_Sleeping_Children_of_ParentID=1117 is .265256
ProcessID=142 : Parent_ProcessID=2 : Averange_Running_Time=0
ProcessID=143 : Parent_ProcessID=2 : Averange_Running_Time=0
ProcessID=144 : Parent_ProcessID=2 : Averange_Running_Time=0
ProcessID=146 : Parent_ProcessID=2 : Averange_Running_Time=0
ProcessID=15 : Parent_ProcessID=2 : Averange_Running_Time=.00887832
ProcessID=16775 : Parent_ProcessID=2 : Averange_Running_Time=.0349852
ProcessID=16 : Parent_ProcessID=2 : Averange_Running_Time=.00031
ProcessID=17 : Parent_ProcessID=2 : Averange_Running_Time=.036043
ProcessID=18 : Parent_ProcessID=2 : Averange_Running_Time=.0252777
Average_Sleeping_Children_of_ParentID=2 is .0117216
ProcessID=19823 : Parent_ProcessID=1420 : Averange_Running_Time=1.11163
Average_Sleeping_Children_of_ParentID=1420 is 1.11163
ProcessID=19824 : Parent_ProcessID=19823 : Averange_Running_Time=.0589805
Average_Sleeping_Children_of_ParentID=19823 is .0589805
ProcessID=19 : Parent_ProcessID=2 : Averange_Running_Time=.0006055
Average_Sleeping_Children_of_ParentID=2 is .0006055
ProcessID=1 : Parent_ProcessID=0 : Averange_Running_Time=.382873
Average_Sleeping_Children_of_ParentID=0 is .382873
ProcessID=20 : Parent_ProcessID=2 : Averange_Running_Time=.0009295
ProcessID=21 : Parent_ProcessID=2 : Averange_Running_Time=.000723
ProcessID=22 : Parent_ProcessID=2 : Averange_Running_Time=.000949
ProcessID=23 : Parent_ProcessID=2 : Averange_Running_Time=.0676853
ProcessID=24 : Parent_ProcessID=2 : Averange_Running_Time=.00079
ProcessID=25 : Parent_ProcessID=2 : Averange_Running_Time=.0007335
ProcessID=26 : Parent_ProcessID=2 : Averange_Running_Time=.0028185
ProcessID=27 : Parent_ProcessID=2 : Averange_Running_Time=.0003625
ProcessID=28 : Parent_ProcessID=2 : Averange_Running_Time=0
ProcessID=29 : Parent_ProcessID=2 : Averange_Running_Time=0
Average_Sleeping_Children_of_ParentID=2 is .00749913
ProcessID=2 : Parent_ProcessID=0 : Averange_Running_Time=.0085522
Average_Sleeping_Children_of_ParentID=0 is .0085522
ProcessID=30 : Parent_ProcessID=2 : Averange_Running_Time=0
ProcessID=33 : Parent_ProcessID=2 : Averange_Running_Time=.125627
ProcessID=3 : Parent_ProcessID=2 : Averange_Running_Time=0
ProcessID=436 : Parent_ProcessID=2 : Averange_Running_Time=.001479
ProcessID=440 : Parent_ProcessID=2 : Averange_Running_Time=2.99632
ProcessID=441 : Parent_ProcessID=2 : Averange_Running_Time=.001456
ProcessID=442 : Parent_ProcessID=2 : Averange_Running_Time=.070741
ProcessID=443 : Parent_ProcessID=2 : Averange_Running_Time=.0012675
ProcessID=445 : Parent_ProcessID=2 : Averange_Running_Time=.0117019
ProcessID=446 : Parent_ProcessID=2 : Averange_Running_Time=.129836
ProcessID=447 : Parent_ProcessID=2 : Averange_Running_Time=.0016695
ProcessID=453 : Parent_ProcessID=2 : Averange_Running_Time=.0149005
ProcessID=47 : Parent_ProcessID=2 : Averange_Running_Time=0
ProcessID=4 : Parent_ProcessID=2 : Averange_Running_Time=0
ProcessID=511 : Parent_ProcessID=2 : Averange_Running_Time=.001347
ProcessID=519 : Parent_ProcessID=2 : Averange_Running_Time=.0015315
ProcessID=555 : Parent_ProcessID=2 : Averange_Running_Time=.0579404
ProcessID=556 : Parent_ProcessID=2 : Averange_Running_Time=.001381
Average_Sleeping_Children_of_ParentID=2 is .189845
ProcessID=647 : Parent_ProcessID=1 : Averange_Running_Time=.664552
Average_Sleeping_Children_of_ParentID=1 is .664552
ProcessID=6660 : Parent_ProcessID=2 : Averange_Running_Time=.0640706
Average_Sleeping_Children_of_ParentID=2 is .0640706
ProcessID=673 : Parent_ProcessID=1 : Averange_Running_Time=.605791
Average_Sleeping_Children_of_ParentID=1 is .605791
ProcessID=6 : Parent_ProcessID=2 : Averange_Running_Time=.00430171
ProcessID=728 : Parent_ProcessID=2 : Averange_Running_Time=.00089
ProcessID=731 : Parent_ProcessID=2 : Averange_Running_Time=.000511041
ProcessID=732 : Parent_ProcessID=2 : Averange_Running_Time=.001613
ProcessID=754 : Parent_ProcessID=2 : Averange_Running_Time=.0411013
ProcessID=755 : Parent_ProcessID=2 : Averange_Running_Time=.0010225
ProcessID=766 : Parent_ProcessID=2 : Averange_Running_Time=.001609
ProcessID=767 : Parent_ProcessID=2 : Averange_Running_Time=.001924
ProcessID=768 : Parent_ProcessID=2 : Averange_Running_Time=.0014205
ProcessID=769 : Parent_ProcessID=2 : Averange_Running_Time=.000723
ProcessID=770 : Parent_ProcessID=2 : Averange_Running_Time=.0006645
ProcessID=771 : Parent_ProcessID=2 : Averange_Running_Time=.0007025
ProcessID=772 : Parent_ProcessID=2 : Averange_Running_Time=.000661
ProcessID=773 : Parent_ProcessID=2 : Averange_Running_Time=.000853
ProcessID=774 : Parent_ProcessID=2 : Averange_Running_Time=.00595421
Average_Sleeping_Children_of_ParentID=2 is .00426342
ProcessID=796 : Parent_ProcessID=1 : Averange_Running_Time=.136191
ProcessID=798 : Parent_ProcessID=1 : Averange_Running_Time=.0418649
Average_Sleeping_Children_of_ParentID=1 is .089028
ProcessID=810 : Parent_ProcessID=2 : Averange_Running_Time=.0014585
ProcessID=812 : Parent_ProcessID=2 : Averange_Running_Time=.001163
ProcessID=813 : Parent_ProcessID=2 : Averange_Running_Time=.0015165
Average_Sleeping_Children_of_ParentID=2 is .00137933
ProcessID=826 : Parent_ProcessID=1 : Averange_Running_Time=.239544
ProcessID=827 : Parent_ProcessID=1 : Averange_Running_Time=.209399
ProcessID=829 : Parent_ProcessID=1 : Averange_Running_Time=.0918562
ProcessID=830 : Parent_ProcessID=1 : Averange_Running_Time=.15137
ProcessID=831 : Parent_ProcessID=1 : Averange_Running_Time=.0972839
ProcessID=835 : Parent_ProcessID=1 : Averange_Running_Time=.0447951
ProcessID=836 : Parent_ProcessID=1 : Averange_Running_Time=.071967
ProcessID=838 : Parent_ProcessID=1 : Averange_Running_Time=.224014
ProcessID=839 : Parent_ProcessID=1 : Averange_Running_Time=.15237
Average_Sleeping_Children_of_ParentID=1 is .142511
ProcessID=848 : Parent_ProcessID=831 : Averange_Running_Time=.03152
Average_Sleeping_Children_of_ParentID=831 is .03152
ProcessID=850 : Parent_ProcessID=1 : Averange_Running_Time=.0733299
Average_Sleeping_Children_of_ParentID=1 is .0733299
ProcessID=858 : Parent_ProcessID=829 : Averange_Running_Time=.135062
Average_Sleeping_Children_of_ParentID=829 is .135062
ProcessID=864 : Parent_ProcessID=1 : Averange_Running_Time=.524487
Average_Sleeping_Children_of_ParentID=1 is .524487
ProcessID=865 : Parent_ProcessID=829 : Averange_Running_Time=.121037
Average_Sleeping_Children_of_ParentID=829 is .121037
ProcessID=867 : Parent_ProcessID=1 : Averange_Running_Time=.807801
ProcessID=873 : Parent_ProcessID=1 : Averange_Running_Time=.306146
ProcessID=886 : Parent_ProcessID=1 : Averange_Running_Time=.147349
ProcessID=887 : Parent_ProcessID=1 : Averange_Running_Time=.55904
Average_Sleeping_Children_of_ParentID=1 is .455085
ProcessID=8 : Parent_ProcessID=2 : Averange_Running_Time=0
ProcessID=9 : Parent_ProcessID=2 : Averange_Running_Time=.00648674
Averange_Sleeping_Children_of_ParentID=2 is .0032433
